FileScanner hot reload initialize at Linux in PID 26240 ...
HOT_RELOAD: reloaded at 1588822581
[2020-05-07 11:36:21 $26227.0]	INFO	Server is reloading all workers now
HOT_RELOAD: reloaded at 1588822599
[2020-05-07 11:36:39 $26227.0]	INFO	Server is reloading all workers now
HOT_RELOAD: reloaded at 1588822601
[2020-05-07 11:36:41 $26227.0]	INFO	Server is reloading all workers now
HOT_RELOAD: reloaded at 1588822678
[2020-05-07 11:37:58 $26227.0]	INFO	Server is reloading all workers now
HOT_RELOAD: reloaded at 1588822689
[2020-05-07 11:38:09 $26227.0]	INFO	Server is reloading all workers now
HOT_RELOAD: reloaded at 1588822753
[2020-05-07 11:39:13 $26227.0]	INFO	Server is reloading all workers now
HOT_RELOAD: reloaded at 1588822764
[2020-05-07 11:39:24 $26227.0]	INFO	Server is reloading all workers now
HOT_RELOAD: reloaded at 1588822849
[2020-05-07 11:40:49 $26227.0]	INFO	Server is reloading all workers now
HOT_RELOAD: reloaded at 1588822853
[2020-05-07 11:40:53 $26227.0]	INFO	Server is reloading all workers now
HOT_RELOAD: reloaded at 1588822894
[2020-05-07 11:41:34 $26227.0]	INFO	Server is reloading all workers now
HOT_RELOAD: reloaded at 1588822904
[2020-05-07 11:41:44 $26227.0]	INFO	Server is reloading all workers now
HOT_RELOAD: reloaded at 1588829502
[2020-05-07 13:31:42 $26227.0]	INFO	Server is reloading all workers now
[2020-05-07 13:31:44][debug][warning]:[array_column() expects parameter 1 to be array, integer given at file:/usr/local/swoole/easySwoole/App/Models/Logic/QcLogic.php line:52]
[2020-05-07 13:31:44][debug][warning]:[in_array() expects parameter 2 to be array, null given at file:/usr/local/swoole/easySwoole/App/Models/Logic/QcLogic.php line:52]
[2020-05-07 13:31:44][debug][warning]:[array_column() expects parameter 1 to be array, integer given at file:/usr/local/swoole/easySwoole/App/Models/Logic/QcLogic.php line:52]
[2020-05-07 13:31:44][debug][warning]:[in_array() expects parameter 2 to be array, null given at file:/usr/local/swoole/easySwoole/App/Models/Logic/QcLogic.php line:52]
[2020-05-07 13:31:44][debug][warning]:[array_column() expects parameter 1 to be array, null given at file:/usr/local/swoole/easySwoole/App/Models/Logic/QcLogic.php line:52]
[2020-05-07 13:31:44][debug][warning]:[in_array() expects parameter 2 to be array, null given at file:/usr/local/swoole/easySwoole/App/Models/Logic/QcLogic.php line:52]
[2020-05-07 13:31:44][debug][warning]:[array_column() expects parameter 1 to be array, integer given at file:/usr/local/swoole/easySwoole/App/Models/Logic/QcLogic.php line:52]
[2020-05-07 13:31:44][debug][warning]:[in_array() expects parameter 2 to be array, null given at file:/usr/local/swoole/easySwoole/App/Models/Logic/QcLogic.php line:52]
[2020-05-07 13:31:44][debug][warning]:[array_column() expects parameter 1 to be array, null given at file:/usr/local/swoole/easySwoole/App/Models/Logic/QcLogic.php line:52]
[2020-05-07 13:31:44][debug][warning]:[in_array() expects parameter 2 to be array, null given at file:/usr/local/swoole/easySwoole/App/Models/Logic/QcLogic.php line:52]
[2020-05-07 13:31:44][debug][warning]:[array_column() expects parameter 1 to be array, null given at file:/usr/local/swoole/easySwoole/App/Models/Logic/QcLogic.php line:52]
[2020-05-07 13:31:44][debug][warning]:[in_array() expects parameter 2 to be array, null given at file:/usr/local/swoole/easySwoole/App/Models/Logic/QcLogic.php line:52]
[2020-05-07 13:31:44][debug][warning]:[array_column() expects parameter 1 to be array, null given at file:/usr/local/swoole/easySwoole/App/Models/Logic/QcLogic.php line:52]
[2020-05-07 13:31:44][debug][warning]:[in_array() expects parameter 2 to be array, null given at file:/usr/local/swoole/easySwoole/App/Models/Logic/QcLogic.php line:52]
[2020-05-07 13:31:44][debug][warning]:[array_column() expects parameter 1 to be array, null given at file:/usr/local/swoole/easySwoole/App/Models/Logic/QcLogic.php line:52]
[2020-05-07 13:31:44][debug][warning]:[in_array() expects parameter 2 to be array, null given at file:/usr/local/swoole/easySwoole/App/Models/Logic/QcLogic.php line:52]
[2020-05-07 13:31:44][debug][warning]:[array_column() expects parameter 1 to be array, null given at file:/usr/local/swoole/easySwoole/App/Models/Logic/QcLogic.php line:52]
[2020-05-07 13:31:44][debug][warning]:[in_array() expects parameter 2 to be array, null given at file:/usr/local/swoole/easySwoole/App/Models/Logic/QcLogic.php line:52]
[2020-05-07 13:31:44][debug][warning]:[array_column() expects parameter 1 to be array, integer given at file:/usr/local/swoole/easySwoole/App/Models/Logic/QcLogic.php line:52]
[2020-05-07 13:31:44][debug][warning]:[in_array() expects parameter 2 to be array, null given at file:/usr/local/swoole/easySwoole/App/Models/Logic/QcLogic.php line:52]
[2020-05-07 13:31:44][debug][warning]:[array_column() expects parameter 1 to be array, null given at file:/usr/local/swoole/easySwoole/App/Models/Logic/QcLogic.php line:52]
[2020-05-07 13:31:44][debug][warning]:[in_array() expects parameter 2 to be array, null given at file:/usr/local/swoole/easySwoole/App/Models/Logic/QcLogic.php line:52]
[2020-05-07 13:31:44][debug][warning]:[array_column() expects parameter 1 to be array, integer given at file:/usr/local/swoole/easySwoole/App/Models/Logic/QcLogic.php line:52]
[2020-05-07 13:31:44][debug][warning]:[in_array() expects parameter 2 to be array, null given at file:/usr/local/swoole/easySwoole/App/Models/Logic/QcLogic.php line:52]
[2020-05-07 13:31:44][debug][warning]:[array_column() expects parameter 1 to be array, null given at file:/usr/local/swoole/easySwoole/App/Models/Logic/QcLogic.php line:52]
[2020-05-07 13:31:44][debug][warning]:[in_array() expects parameter 2 to be array, null given at file:/usr/local/swoole/easySwoole/App/Models/Logic/QcLogic.php line:52]
[2020-05-07 13:31:44][debug][warning]:[array_column() expects parameter 1 to be array, integer given at file:/usr/local/swoole/easySwoole/App/Models/Logic/QcLogic.php line:52]
[2020-05-07 13:31:44][debug][warning]:[in_array() expects parameter 2 to be array, null given at file:/usr/local/swoole/easySwoole/App/Models/Logic/QcLogic.php line:52]
[2020-05-07 13:31:44][debug][warning]:[array_column() expects parameter 1 to be array, integer given at file:/usr/local/swoole/easySwoole/App/Models/Logic/QcLogic.php line:52]
[2020-05-07 13:31:44][debug][warning]:[in_array() expects parameter 2 to be array, null given at file:/usr/local/swoole/easySwoole/App/Models/Logic/QcLogic.php line:52]
[2020-05-07 13:31:44][debug][warning]:[array_column() expects parameter 1 to be array, null given at file:/usr/local/swoole/easySwoole/App/Models/Logic/QcLogic.php line:52]
[2020-05-07 13:31:44][debug][warning]:[in_array() expects parameter 2 to be array, null given at file:/usr/local/swoole/easySwoole/App/Models/Logic/QcLogic.php line:52]
[2020-05-07 13:31:44][debug][warning]:[array_column() expects parameter 1 to be array, float given at file:/usr/local/swoole/easySwoole/App/Models/Logic/QcLogic.php line:52]
[2020-05-07 13:31:44][debug][warning]:[in_array() expects parameter 2 to be array, null given at file:/usr/local/swoole/easySwoole/App/Models/Logic/QcLogic.php line:52]
[2020-05-07 13:31:44][debug][warning]:[array_column() expects parameter 1 to be array, integer given at file:/usr/local/swoole/easySwoole/App/Models/Logic/QcLogic.php line:52]
[2020-05-07 13:31:44][debug][warning]:[in_array() expects parameter 2 to be array, null given at file:/usr/local/swoole/easySwoole/App/Models/Logic/QcLogic.php line:52]
[2020-05-07 13:31:44][debug][warning]:[array_column() expects parameter 1 to be array, integer given at file:/usr/local/swoole/easySwoole/App/Models/Logic/QcLogic.php line:52]
[2020-05-07 13:31:44][debug][warning]:[in_array() expects parameter 2 to be array, null given at file:/usr/local/swoole/easySwoole/App/Models/Logic/QcLogic.php line:52]
[2020-05-07 13:31:44][debug][notice]:[Undefined variable: sourcewfwatch at file:/usr/local/swoole/easySwoole/App/Models/Logic/QcLogic.php line:57]
HOT_RELOAD: reloaded at 1588829506
[2020-05-07 13:31:46 $26227.0]	INFO	Server is reloading all workers now
HOT_RELOAD: reloaded at 1588829538
[2020-05-07 13:32:18 $26227.0]	INFO	Server is reloading all workers now
HOT_RELOAD: reloaded at 1588829551
[2020-05-07 13:32:31 $26227.0]	INFO	Server is reloading all workers now
[2020-05-07 13:33:58][debug][warning]:[array_column() expects parameter 1 to be array, integer given at file:/usr/local/swoole/easySwoole/App/Models/Logic/QcLogic.php line:52]
[2020-05-07 13:33:58][debug][warning]:[in_array() expects parameter 2 to be array, null given at file:/usr/local/swoole/easySwoole/App/Models/Logic/QcLogic.php line:52]
[2020-05-07 13:33:58][debug][warning]:[array_column() expects parameter 1 to be array, integer given at file:/usr/local/swoole/easySwoole/App/Models/Logic/QcLogic.php line:52]
[2020-05-07 13:33:58][debug][warning]:[in_array() expects parameter 2 to be array, null given at file:/usr/local/swoole/easySwoole/App/Models/Logic/QcLogic.php line:52]
[2020-05-07 13:33:58][debug][warning]:[array_column() expects parameter 1 to be array, null given at file:/usr/local/swoole/easySwoole/App/Models/Logic/QcLogic.php line:52]
[2020-05-07 13:33:58][debug][warning]:[in_array() expects parameter 2 to be array, null given at file:/usr/local/swoole/easySwoole/App/Models/Logic/QcLogic.php line:52]
[2020-05-07 13:33:58][debug][warning]:[array_column() expects parameter 1 to be array, integer given at file:/usr/local/swoole/easySwoole/App/Models/Logic/QcLogic.php line:52]
[2020-05-07 13:33:58][debug][warning]:[in_array() expects parameter 2 to be array, null given at file:/usr/local/swoole/easySwoole/App/Models/Logic/QcLogic.php line:52]
[2020-05-07 13:33:58][debug][warning]:[array_column() expects parameter 1 to be array, null given at file:/usr/local/swoole/easySwoole/App/Models/Logic/QcLogic.php line:52]
[2020-05-07 13:33:58][debug][warning]:[in_array() expects parameter 2 to be array, null given at file:/usr/local/swoole/easySwoole/App/Models/Logic/QcLogic.php line:52]
[2020-05-07 13:33:58][debug][warning]:[array_column() expects parameter 1 to be array, null given at file:/usr/local/swoole/easySwoole/App/Models/Logic/QcLogic.php line:52]
[2020-05-07 13:33:58][debug][warning]:[in_array() expects parameter 2 to be array, null given at file:/usr/local/swoole/easySwoole/App/Models/Logic/QcLogic.php line:52]
[2020-05-07 13:33:58][debug][warning]:[array_column() expects parameter 1 to be array, null given at file:/usr/local/swoole/easySwoole/App/Models/Logic/QcLogic.php line:52]
[2020-05-07 13:33:58][debug][warning]:[in_array() expects parameter 2 to be array, null given at file:/usr/local/swoole/easySwoole/App/Models/Logic/QcLogic.php line:52]
[2020-05-07 13:33:58][debug][warning]:[array_column() expects parameter 1 to be array, null given at file:/usr/local/swoole/easySwoole/App/Models/Logic/QcLogic.php line:52]
[2020-05-07 13:33:58][debug][warning]:[in_array() expects parameter 2 to be array, null given at file:/usr/local/swoole/easySwoole/App/Models/Logic/QcLogic.php line:52]
[2020-05-07 13:33:58][debug][warning]:[array_column() expects parameter 1 to be array, null given at file:/usr/local/swoole/easySwoole/App/Models/Logic/QcLogic.php line:52]
[2020-05-07 13:33:58][debug][warning]:[in_array() expects parameter 2 to be array, null given at file:/usr/local/swoole/easySwoole/App/Models/Logic/QcLogic.php line:52]
[2020-05-07 13:33:58][debug][warning]:[array_column() expects parameter 1 to be array, integer given at file:/usr/local/swoole/easySwoole/App/Models/Logic/QcLogic.php line:52]
[2020-05-07 13:33:58][debug][warning]:[in_array() expects parameter 2 to be array, null given at file:/usr/local/swoole/easySwoole/App/Models/Logic/QcLogic.php line:52]
[2020-05-07 13:33:58][debug][warning]:[array_column() expects parameter 1 to be array, null given at file:/usr/local/swoole/easySwoole/App/Models/Logic/QcLogic.php line:52]
[2020-05-07 13:33:58][debug][warning]:[in_array() expects parameter 2 to be array, null given at file:/usr/local/swoole/easySwoole/App/Models/Logic/QcLogic.php line:52]
[2020-05-07 13:33:58][debug][warning]:[array_column() expects parameter 1 to be array, integer given at file:/usr/local/swoole/easySwoole/App/Models/Logic/QcLogic.php line:52]
[2020-05-07 13:33:58][debug][warning]:[in_array() expects parameter 2 to be array, null given at file:/usr/local/swoole/easySwoole/App/Models/Logic/QcLogic.php line:52]
[2020-05-07 13:33:58][debug][warning]:[array_column() expects parameter 1 to be array, null given at file:/usr/local/swoole/easySwoole/App/Models/Logic/QcLogic.php line:52]
[2020-05-07 13:33:58][debug][warning]:[in_array() expects parameter 2 to be array, null given at file:/usr/local/swoole/easySwoole/App/Models/Logic/QcLogic.php line:52]
[2020-05-07 13:33:58][debug][warning]:[array_column() expects parameter 1 to be array, integer given at file:/usr/local/swoole/easySwoole/App/Models/Logic/QcLogic.php line:52]
[2020-05-07 13:33:58][debug][warning]:[in_array() expects parameter 2 to be array, null given at file:/usr/local/swoole/easySwoole/App/Models/Logic/QcLogic.php line:52]
[2020-05-07 13:33:58][debug][warning]:[array_column() expects parameter 1 to be array, integer given at file:/usr/local/swoole/easySwoole/App/Models/Logic/QcLogic.php line:52]
[2020-05-07 13:33:58][debug][warning]:[in_array() expects parameter 2 to be array, null given at file:/usr/local/swoole/easySwoole/App/Models/Logic/QcLogic.php line:52]
[2020-05-07 13:33:58][debug][warning]:[array_column() expects parameter 1 to be array, null given at file:/usr/local/swoole/easySwoole/App/Models/Logic/QcLogic.php line:52]
[2020-05-07 13:33:58][debug][warning]:[in_array() expects parameter 2 to be array, null given at file:/usr/local/swoole/easySwoole/App/Models/Logic/QcLogic.php line:52]
[2020-05-07 13:33:58][debug][warning]:[array_column() expects parameter 1 to be array, float given at file:/usr/local/swoole/easySwoole/App/Models/Logic/QcLogic.php line:52]
[2020-05-07 13:33:58][debug][warning]:[in_array() expects parameter 2 to be array, null given at file:/usr/local/swoole/easySwoole/App/Models/Logic/QcLogic.php line:52]
[2020-05-07 13:33:58][debug][warning]:[array_column() expects parameter 1 to be array, integer given at file:/usr/local/swoole/easySwoole/App/Models/Logic/QcLogic.php line:52]
[2020-05-07 13:33:58][debug][warning]:[in_array() expects parameter 2 to be array, null given at file:/usr/local/swoole/easySwoole/App/Models/Logic/QcLogic.php line:52]
[2020-05-07 13:33:58][debug][warning]:[array_column() expects parameter 1 to be array, integer given at file:/usr/local/swoole/easySwoole/App/Models/Logic/QcLogic.php line:52]
[2020-05-07 13:33:58][debug][warning]:[in_array() expects parameter 2 to be array, null given at file:/usr/local/swoole/easySwoole/App/Models/Logic/QcLogic.php line:52]
[2020-05-07 13:33:58][debug][notice]:[Undefined variable: sourcewfwatch at file:/usr/local/swoole/easySwoole/App/Models/Logic/QcLogic.php line:57]
HOT_RELOAD: reloaded at 1588829647
[2020-05-07 13:34:07 $26227.0]	INFO	Server is reloading all workers now
[2020-05-07 13:34:11][debug][warning]:[array_column() expects parameter 1 to be array, integer given at file:/usr/local/swoole/easySwoole/App/Models/Logic/QcLogic.php line:52]
[2020-05-07 13:34:11][debug][warning]:[in_array() expects parameter 2 to be array, null given at file:/usr/local/swoole/easySwoole/App/Models/Logic/QcLogic.php line:52]
[2020-05-07 13:34:11][debug][warning]:[array_column() expects parameter 1 to be array, integer given at file:/usr/local/swoole/easySwoole/App/Models/Logic/QcLogic.php line:52]
[2020-05-07 13:34:11][debug][warning]:[in_array() expects parameter 2 to be array, null given at file:/usr/local/swoole/easySwoole/App/Models/Logic/QcLogic.php line:52]
[2020-05-07 13:34:11][debug][warning]:[array_column() expects parameter 1 to be array, null given at file:/usr/local/swoole/easySwoole/App/Models/Logic/QcLogic.php line:52]
[2020-05-07 13:34:11][debug][warning]:[in_array() expects parameter 2 to be array, null given at file:/usr/local/swoole/easySwoole/App/Models/Logic/QcLogic.php line:52]
[2020-05-07 13:34:11][debug][warning]:[array_column() expects parameter 1 to be array, integer given at file:/usr/local/swoole/easySwoole/App/Models/Logic/QcLogic.php line:52]
[2020-05-07 13:34:11][debug][warning]:[in_array() expects parameter 2 to be array, null given at file:/usr/local/swoole/easySwoole/App/Models/Logic/QcLogic.php line:52]
[2020-05-07 13:34:11][debug][warning]:[array_column() expects parameter 1 to be array, null given at file:/usr/local/swoole/easySwoole/App/Models/Logic/QcLogic.php line:52]
[2020-05-07 13:34:11][debug][warning]:[in_array() expects parameter 2 to be array, null given at file:/usr/local/swoole/easySwoole/App/Models/Logic/QcLogic.php line:52]
[2020-05-07 13:34:11][debug][warning]:[array_column() expects parameter 1 to be array, null given at file:/usr/local/swoole/easySwoole/App/Models/Logic/QcLogic.php line:52]
[2020-05-07 13:34:11][debug][warning]:[in_array() expects parameter 2 to be array, null given at file:/usr/local/swoole/easySwoole/App/Models/Logic/QcLogic.php line:52]
[2020-05-07 13:34:11][debug][warning]:[array_column() expects parameter 1 to be array, null given at file:/usr/local/swoole/easySwoole/App/Models/Logic/QcLogic.php line:52]
[2020-05-07 13:34:11][debug][warning]:[in_array() expects parameter 2 to be array, null given at file:/usr/local/swoole/easySwoole/App/Models/Logic/QcLogic.php line:52]
[2020-05-07 13:34:11][debug][warning]:[array_column() expects parameter 1 to be array, null given at file:/usr/local/swoole/easySwoole/App/Models/Logic/QcLogic.php line:52]
[2020-05-07 13:34:11][debug][warning]:[in_array() expects parameter 2 to be array, null given at file:/usr/local/swoole/easySwoole/App/Models/Logic/QcLogic.php line:52]
[2020-05-07 13:34:11][debug][warning]:[array_column() expects parameter 1 to be array, null given at file:/usr/local/swoole/easySwoole/App/Models/Logic/QcLogic.php line:52]
[2020-05-07 13:34:11][debug][warning]:[in_array() expects parameter 2 to be array, null given at file:/usr/local/swoole/easySwoole/App/Models/Logic/QcLogic.php line:52]
[2020-05-07 13:34:11][debug][warning]:[array_column() expects parameter 1 to be array, integer given at file:/usr/local/swoole/easySwoole/App/Models/Logic/QcLogic.php line:52]
[2020-05-07 13:34:11][debug][warning]:[in_array() expects parameter 2 to be array, null given at file:/usr/local/swoole/easySwoole/App/Models/Logic/QcLogic.php line:52]
[2020-05-07 13:34:11][debug][warning]:[array_column() expects parameter 1 to be array, null given at file:/usr/local/swoole/easySwoole/App/Models/Logic/QcLogic.php line:52]
[2020-05-07 13:34:11][debug][warning]:[in_array() expects parameter 2 to be array, null given at file:/usr/local/swoole/easySwoole/App/Models/Logic/QcLogic.php line:52]
[2020-05-07 13:34:11][debug][warning]:[array_column() expects parameter 1 to be array, integer given at file:/usr/local/swoole/easySwoole/App/Models/Logic/QcLogic.php line:52]
[2020-05-07 13:34:11][debug][warning]:[in_array() expects parameter 2 to be array, null given at file:/usr/local/swoole/easySwoole/App/Models/Logic/QcLogic.php line:52]
[2020-05-07 13:34:11][debug][warning]:[array_column() expects parameter 1 to be array, null given at file:/usr/local/swoole/easySwoole/App/Models/Logic/QcLogic.php line:52]
[2020-05-07 13:34:11][debug][warning]:[in_array() expects parameter 2 to be array, null given at file:/usr/local/swoole/easySwoole/App/Models/Logic/QcLogic.php line:52]
[2020-05-07 13:34:11][debug][warning]:[array_column() expects parameter 1 to be array, integer given at file:/usr/local/swoole/easySwoole/App/Models/Logic/QcLogic.php line:52]
[2020-05-07 13:34:11][debug][warning]:[in_array() expects parameter 2 to be array, null given at file:/usr/local/swoole/easySwoole/App/Models/Logic/QcLogic.php line:52]
[2020-05-07 13:34:11][debug][warning]:[array_column() expects parameter 1 to be array, integer given at file:/usr/local/swoole/easySwoole/App/Models/Logic/QcLogic.php line:52]
[2020-05-07 13:34:11][debug][warning]:[in_array() expects parameter 2 to be array, null given at file:/usr/local/swoole/easySwoole/App/Models/Logic/QcLogic.php line:52]
[2020-05-07 13:34:11][debug][warning]:[array_column() expects parameter 1 to be array, null given at file:/usr/local/swoole/easySwoole/App/Models/Logic/QcLogic.php line:52]
[2020-05-07 13:34:11][debug][warning]:[in_array() expects parameter 2 to be array, null given at file:/usr/local/swoole/easySwoole/App/Models/Logic/QcLogic.php line:52]
[2020-05-07 13:34:11][debug][warning]:[array_column() expects parameter 1 to be array, float given at file:/usr/local/swoole/easySwoole/App/Models/Logic/QcLogic.php line:52]
[2020-05-07 13:34:11][debug][warning]:[in_array() expects parameter 2 to be array, null given at file:/usr/local/swoole/easySwoole/App/Models/Logic/QcLogic.php line:52]
[2020-05-07 13:34:11][debug][warning]:[array_column() expects parameter 1 to be array, integer given at file:/usr/local/swoole/easySwoole/App/Models/Logic/QcLogic.php line:52]
[2020-05-07 13:34:11][debug][warning]:[in_array() expects parameter 2 to be array, null given at file:/usr/local/swoole/easySwoole/App/Models/Logic/QcLogic.php line:52]
[2020-05-07 13:34:11][debug][warning]:[array_column() expects parameter 1 to be array, integer given at file:/usr/local/swoole/easySwoole/App/Models/Logic/QcLogic.php line:52]
[2020-05-07 13:34:11][debug][warning]:[in_array() expects parameter 2 to be array, null given at file:/usr/local/swoole/easySwoole/App/Models/Logic/QcLogic.php line:52]
[2020-05-07 13:34:11][debug][notice]:[Undefined variable: sourcewfwatch at file:/usr/local/swoole/easySwoole/App/Models/Logic/QcLogic.php line:57]
[2020-05-07 13:34:11][debug][notice]:[Undefined index: is_checkidfa at file:/usr/local/swoole/easySwoole/App/HttpController/Home/Union.php line:60]
[2020-05-07 13:34:11][debug][error]:[Call to a member function defer() on null]
HOT_RELOAD: reloaded at 1588829651
[2020-05-07 13:34:11 $26227.0]	INFO	Server is reloading all workers now
HOT_RELOAD: reloaded at 1588829656
[2020-05-07 13:34:16 $26227.0]	INFO	Server is reloading all workers now
[2020-05-07 13:35:12][debug][notice]:[Undefined index: qcdbconfigcom.mcjhwy.ir45 at file:/usr/local/swoole/easySwoole/vendor/easyswoole/fast-cache/src/CacheProcess.php line:137]
HOT_RELOAD: reloaded at 1588829960
[2020-05-07 13:39:20 $26227.0]	INFO	Server is reloading all workers now
HOT_RELOAD: reloaded at 1588829980
[2020-05-07 13:39:40 $26227.0]	INFO	Server is reloading all workers now
HOT_RELOAD: reloaded at 1588829994
[2020-05-07 13:39:54 $26227.0]	INFO	Server is reloading all workers now
HOT_RELOAD: reloaded at 1588830014
[2020-05-07 13:40:14 $26227.0]	INFO	Server is reloading all workers now
HOT_RELOAD: reloaded at 1588830033
[2020-05-07 13:40:33 $26227.0]	INFO	Server is reloading all workers now
HOT_RELOAD: reloaded at 1588830037
[2020-05-07 13:40:37 $26227.0]	INFO	Server is reloading all workers now
HOT_RELOAD: reloaded at 1588830050
[2020-05-07 13:40:50 $26227.0]	INFO	Server is reloading all workers now
HOT_RELOAD: reloaded at 1588830055
[2020-05-07 13:40:55 $26227.0]	INFO	Server is reloading all workers now
HOT_RELOAD: reloaded at 1588830059
[2020-05-07 13:40:59 $26227.0]	INFO	Server is reloading all workers now
HOT_RELOAD: reloaded at 1588830733
[2020-05-07 13:52:13 $26227.0]	INFO	Server is reloading all workers now
HOT_RELOAD: reloaded at 1588830738
[2020-05-07 13:52:18 $26227.0]	INFO	Server is reloading all workers now
HOT_RELOAD: reloaded at 1588830752
[2020-05-07 13:52:32 $26227.0]	INFO	Server is reloading all workers now
HOT_RELOAD: reloaded at 1588830768
[2020-05-07 13:52:48 $26227.0]	INFO	Server is reloading all workers now
HOT_RELOAD: reloaded at 1588830788
[2020-05-07 13:53:08 $26227.0]	INFO	Server is reloading all workers now
HOT_RELOAD: reloaded at 1588830800
[2020-05-07 13:53:20 $26227.0]	INFO	Server is reloading all workers now
HOT_RELOAD: reloaded at 1588830812
[2020-05-07 13:53:32 $26227.0]	INFO	Server is reloading all workers now
HOT_RELOAD: reloaded at 1588830814
[2020-05-07 13:53:34 $26227.0]	INFO	Server is reloading all workers now
HOT_RELOAD: reloaded at 1588830828
[2020-05-07 13:53:48 $26227.0]	INFO	Server is reloading all workers now
HOT_RELOAD: reloaded at 1588830837
[2020-05-07 13:53:57 $26227.0]	INFO	Server is reloading all workers now
HOT_RELOAD: reloaded at 1588830841
[2020-05-07 13:54:01 $26227.0]	INFO	Server is reloading all workers now
HOT_RELOAD: reloaded at 1588830858
[2020-05-07 13:54:18 $26227.0]	INFO	Server is reloading all workers now
HOT_RELOAD: reloaded at 1588830876
[2020-05-07 13:54:36 $26227.0]	INFO	Server is reloading all workers now
HOT_RELOAD: reloaded at 1588830898
[2020-05-07 13:54:58 $26227.0]	INFO	Server is reloading all workers now
[2020-05-07 13:55:00][debug][warning]:[array_column() expects parameter 1 to be array, string given at file:/usr/local/swoole/easySwoole/App/HttpController/Home/Union.php line:55]
HOT_RELOAD: reloaded at 1588830902
[2020-05-07 13:55:02 $26227.0]	INFO	Server is reloading all workers now
HOT_RELOAD: reloaded at 1588830940
[2020-05-07 13:55:40 $26227.0]	INFO	Server is reloading all workers now
HOT_RELOAD: reloaded at 1588830952
[2020-05-07 13:55:52 $26227.0]	INFO	Server is reloading all workers now
HOT_RELOAD: reloaded at 1588830956
[2020-05-07 13:55:56 $26227.0]	INFO	Server is reloading all workers now
HOT_RELOAD: reloaded at 1588832121
[2020-05-07 14:15:21 $26227.0]	INFO	Server is reloading all workers now
HOT_RELOAD: reloaded at 1588832126
[2020-05-07 14:15:26 $26227.0]	INFO	Server is reloading all workers now
HOT_RELOAD: reloaded at 1588832136
[2020-05-07 14:15:36 $26227.0]	INFO	Server is reloading all workers now
HOT_RELOAD: reloaded at 1588832141
[2020-05-07 14:15:41 $26227.0]	INFO	Server is reloading all workers now
HOT_RELOAD: reloaded at 1588832159
[2020-05-07 14:15:59 $26227.0]	INFO	Server is reloading all workers now
HOT_RELOAD: reloaded at 1588832170
[2020-05-07 14:16:10 $26227.0]	INFO	Server is reloading all workers now
HOT_RELOAD: reloaded at 1588832180
[2020-05-07 14:16:20 $26227.0]	INFO	Server is reloading all workers now
HOT_RELOAD: reloaded at 1588832195
[2020-05-07 14:16:35 $26227.0]	INFO	Server is reloading all workers now
HOT_RELOAD: reloaded at 1588832216
[2020-05-07 14:16:56 $26227.0]	INFO	Server is reloading all workers now
HOT_RELOAD: reloaded at 1588832220
[2020-05-07 14:17:00 $26227.0]	INFO	Server is reloading all workers now
HOT_RELOAD: reloaded at 1588832244
[2020-05-07 14:17:24 $26227.0]	INFO	Server is reloading all workers now
HOT_RELOAD: reloaded at 1588832246
[2020-05-07 14:17:26 $26227.0]	INFO	Server is reloading all workers now
HOT_RELOAD: reloaded at 1588832254
[2020-05-07 14:17:34 $26227.0]	INFO	Server is reloading all workers now
HOT_RELOAD: reloaded at 1588832260
[2020-05-07 14:17:40 $26227.0]	INFO	Server is reloading all workers now
HOT_RELOAD: reloaded at 1588832292
[2020-05-07 14:18:12 $26227.0]	INFO	Server is reloading all workers now
HOT_RELOAD: reloaded at 1588832296
[2020-05-07 14:18:16 $26227.0]	INFO	Server is reloading all workers now
HOT_RELOAD: reloaded at 1588832315
[2020-05-07 14:18:35 $26227.0]	INFO	Server is reloading all workers now
HOT_RELOAD: reloaded at 1588832317
[2020-05-07 14:18:37 $26227.0]	INFO	Server is reloading all workers now
HOT_RELOAD: reloaded at 1588832326
[2020-05-07 14:18:46 $26227.0]	INFO	Server is reloading all workers now
HOT_RELOAD: reloaded at 1588832338
[2020-05-07 14:18:58 $26227.0]	INFO	Server is reloading all workers now
HOT_RELOAD: reloaded at 1588832344
[2020-05-07 14:19:04 $26227.0]	INFO	Server is reloading all workers now
HOT_RELOAD: reloaded at 1588832348
[2020-05-07 14:19:08 $26227.0]	INFO	Server is reloading all workers now
HOT_RELOAD: reloaded at 1588832349
[2020-05-07 14:19:09 $26227.0]	INFO	Server is reloading all workers now
HOT_RELOAD: reloaded at 1588832353
[2020-05-07 14:19:13 $26227.0]	INFO	Server is reloading all workers now
HOT_RELOAD: reloaded at 1588832389
[2020-05-07 14:19:49 $26227.0]	INFO	Server is reloading all workers now
HOT_RELOAD: reloaded at 1588832480
[2020-05-07 14:21:20 $26227.0]	INFO	Server is reloading all workers now
HOT_RELOAD: reloaded at 1588832484
[2020-05-07 14:21:24 $26227.0]	INFO	Server is reloading all workers now
HOT_RELOAD: reloaded at 1588832690
[2020-05-07 14:24:50 $26227.0]	INFO	Server is reloading all workers now
HOT_RELOAD: reloaded at 1588832693
[2020-05-07 14:24:53 $26227.0]	INFO	Server is reloading all workers now
[2020-05-07 14:24:55][debug][error]:[20200507142405no_qudao:xinzhuan,id:13863]
HOT_RELOAD: reloaded at 1588832697
[2020-05-07 14:24:57 $26227.0]	INFO	Server is reloading all workers now
HOT_RELOAD: reloaded at 1588832774
[2020-05-07 14:26:14 $26227.0]	INFO	Server is reloading all workers now
HOT_RELOAD: reloaded at 1588832777
[2020-05-07 14:26:17 $26227.0]	INFO	Server is reloading all workers now
HOT_RELOAD: reloaded at 1588832782
[2020-05-07 14:26:22 $26227.0]	INFO	Server is reloading all workers now
HOT_RELOAD: reloaded at 1588832784
[2020-05-07 14:26:24 $26227.0]	INFO	Server is reloading all workers now
HOT_RELOAD: reloaded at 1588833631
[2020-05-07 14:40:31 $26227.0]	INFO	Server is reloading all workers now
HOT_RELOAD: reloaded at 1588833636
[2020-05-07 14:40:36 $26227.0]	INFO	Server is reloading all workers now
HOT_RELOAD: reloaded at 1588833659
[2020-05-07 14:40:59 $26227.0]	INFO	Server is reloading all workers now
HOT_RELOAD: reloaded at 1588833665
[2020-05-07 14:41:05 $26227.0]	INFO	Server is reloading all workers now
HOT_RELOAD: reloaded at 1588833871
[2020-05-07 14:44:31 $26227.0]	INFO	Server is reloading all workers now
HOT_RELOAD: reloaded at 1588833885
[2020-05-07 14:44:45 $26227.0]	INFO	Server is reloading all workers now
HOT_RELOAD: reloaded at 1588833890
[2020-05-07 14:44:50 $26227.0]	INFO	Server is reloading all workers now
HOT_RELOAD: reloaded at 1588833901
[2020-05-07 14:45:01 $26227.0]	INFO	Server is reloading all workers now
[2020-05-07 14:45:15][error][error]:[20200507144505no_qudao:xinzhuan,id:13863]
HOT_RELOAD: reloaded at 1588833946
[2020-05-07 14:45:46 $26227.0]	INFO	Server is reloading all workers now
HOT_RELOAD: reloaded at 1588833955
[2020-05-07 14:45:55 $26227.0]	INFO	Server is reloading all workers now
HOT_RELOAD: reloaded at 1588833965
[2020-05-07 14:46:05 $26227.0]	INFO	Server is reloading all workers now
HOT_RELOAD: reloaded at 1588833969
[2020-05-07 14:46:09 $26227.0]	INFO	Server is reloading all workers now
HOT_RELOAD: reloaded at 1588833978
[2020-05-07 14:46:18 $26227.0]	INFO	Server is reloading all workers now
HOT_RELOAD: reloaded at 1588833981
[2020-05-07 14:46:21 $26227.0]	INFO	Server is reloading all workers now
HOT_RELOAD: reloaded at 1588833997
[2020-05-07 14:46:37 $26227.0]	INFO	Server is reloading all workers now
HOT_RELOAD: reloaded at 1588834000
[2020-05-07 14:46:40 $26227.0]	INFO	Server is reloading all workers now
HOT_RELOAD: reloaded at 1588834149
[2020-05-07 14:49:09 $26227.0]	INFO	Server is reloading all workers now
[2020-05-07 14:49:21][debug][notice]:[Undefined index: is_checkidfa at file:/usr/local/swoole/easySwoole/App/HttpController/Home/Union.php line:60]
[2020-05-07 14:49:21][debug][error]:[Call to a member function defer() on null]
HOT_RELOAD: reloaded at 1588834244
[2020-05-07 14:50:44 $26227.0]	INFO	Server is reloading all workers now
HOT_RELOAD: reloaded at 1588834274
[2020-05-07 14:51:14 $26227.0]	INFO	Server is reloading all workers now
HOT_RELOAD: reloaded at 1588834280
[2020-05-07 14:51:20 $26227.0]	INFO	Server is reloading all workers now
HOT_RELOAD: reloaded at 1588834287
[2020-05-07 14:51:27 $26227.0]	INFO	Server is reloading all workers now
HOT_RELOAD: reloaded at 1588834292
[2020-05-07 14:51:32 $26227.0]	INFO	Server is reloading all workers now
[2020-05-07 14:51:41][debug][error]:[Call to a member function defer() on null]
HOT_RELOAD: reloaded at 1588834923
[2020-05-07 15:02:03 $26227.0]	INFO	Server is reloading all workers now
HOT_RELOAD: reloaded at 1588834942
[2020-05-07 15:02:22 $26227.0]	INFO	Server is reloading all workers now
HOT_RELOAD: reloaded at 1588834971
[2020-05-07 15:02:51 $26227.0]	INFO	Server is reloading all workers now
HOT_RELOAD: reloaded at 1588834975
[2020-05-07 15:02:55 $26227.0]	INFO	Server is reloading all workers now
HOT_RELOAD: reloaded at 1588834977
[2020-05-07 15:02:57 $26227.0]	INFO	Server is reloading all workers now
HOT_RELOAD: reloaded at 1588834982
[2020-05-07 15:03:02 $26227.0]	INFO	Server is reloading all workers now
HOT_RELOAD: reloaded at 1588834988
[2020-05-07 15:03:08 $26227.0]	INFO	Server is reloading all workers now
HOT_RELOAD: reloaded at 1588834999
[2020-05-07 15:03:19 $26227.0]	INFO	Server is reloading all workers now
HOT_RELOAD: reloaded at 1588835014
[2020-05-07 15:03:34 $26227.0]	INFO	Server is reloading all workers now
[2020-05-07 15:03:42][debug][error]:[Call to a member function defer() on null]
HOT_RELOAD: reloaded at 1588835056
[2020-05-07 15:04:16 $26227.0]	INFO	Server is reloading all workers now
HOT_RELOAD: reloaded at 1588835068
[2020-05-07 15:04:28 $26227.0]	INFO	Server is reloading all workers now
HOT_RELOAD: reloaded at 1588835079
[2020-05-07 15:04:39 $26227.0]	INFO	Server is reloading all workers now
HOT_RELOAD: reloaded at 1588835125
[2020-05-07 15:05:25 $26227.0]	INFO	Server is reloading all workers now
HOT_RELOAD: reloaded at 1588835129
[2020-05-07 15:05:29 $26227.0]	INFO	Server is reloading all workers now
HOT_RELOAD: reloaded at 1588835138
[2020-05-07 15:05:38 $26227.0]	INFO	Server is reloading all workers now
HOT_RELOAD: reloaded at 1588835146
[2020-05-07 15:05:46 $26227.0]	INFO	Server is reloading all workers now
HOT_RELOAD: reloaded at 1588835151
[2020-05-07 15:05:51 $26227.0]	INFO	Server is reloading all workers now
HOT_RELOAD: reloaded at 1588835152
[2020-05-07 15:05:52 $26227.0]	INFO	Server is reloading all workers now
HOT_RELOAD: reloaded at 1588835167
[2020-05-07 15:06:07 $26227.0]	INFO	Server is reloading all workers now
HOT_RELOAD: reloaded at 1588835198
[2020-05-07 15:06:38 $26227.0]	INFO	Server is reloading all workers now
HOT_RELOAD: reloaded at 1588835216
[2020-05-07 15:06:56 $26227.0]	INFO	Server is reloading all workers now
HOT_RELOAD: reloaded at 1588835219
[2020-05-07 15:06:59 $26227.0]	INFO	Server is reloading all workers now
HOT_RELOAD: reloaded at 1588835225
[2020-05-07 15:07:05 $26227.0]	INFO	Server is reloading all workers now
HOT_RELOAD: reloaded at 1588835283
[2020-05-07 15:08:03 $26227.0]	INFO	Server is reloading all workers now
HOT_RELOAD: reloaded at 1588835294
[2020-05-07 15:08:14 $26227.0]	INFO	Server is reloading all workers now
HOT_RELOAD: reloaded at 1588835306
[2020-05-07 15:08:26 $26227.0]	INFO	Server is reloading all workers now
HOT_RELOAD: reloaded at 1588835310
[2020-05-07 15:08:30 $26227.0]	INFO	Server is reloading all workers now
HOT_RELOAD: reloaded at 1588835314
[2020-05-07 15:08:34 $26227.0]	INFO	Server is reloading all workers now
HOT_RELOAD: reloaded at 1588835333
[2020-05-07 15:08:53 $26227.0]	INFO	Server is reloading all workers now
[2020-05-07 15:15:01 #26226.4]	INFO	Server is shutdown now
FileScanner hot reload initialize at Linux in PID 2209 ...
[2020-05-07 15:15:30][debug][error]:[Call to a member function defer() on null]
HOT_RELOAD: reloaded at 1588835767
[2020-05-07 15:16:07 $2195.0]	INFO	Server is reloading all workers now
HOT_RELOAD: reloaded at 1588835772
[2020-05-07 15:16:12 $2195.0]	INFO	Server is reloading all workers now
HOT_RELOAD: reloaded at 1588835779
[2020-05-07 15:16:19 $2195.0]	INFO	Server is reloading all workers now
HOT_RELOAD: reloaded at 1588835790
[2020-05-07 15:16:30 $2195.0]	INFO	Server is reloading all workers now
[2020-05-07 15:16:31][debug][notice]:[Undefined index: qcdbconfigcom.mcjhwy.ir45 at file:/usr/local/swoole/easySwoole/vendor/easyswoole/fast-cache/src/CacheProcess.php line:137]
HOT_RELOAD: reloaded at 1588835823
[2020-05-07 15:17:03 $2195.0]	INFO	Server is reloading all workers now
HOT_RELOAD: reloaded at 1588835829
[2020-05-07 15:17:09 $2195.0]	INFO	Server is reloading all workers now
FileScanner hot reload initialize at Linux in PID 3074 ...
[2020-05-07 15:18:25][debug][notice]:[Undefined index: qcdbconfigcom.mcjhwy.ir45 at file:/usr/local/swoole/easySwoole/vendor/easyswoole/fast-cache/src/CacheProcess.php line:137]
HOT_RELOAD: reloaded at 1588836044
[2020-05-07 15:20:44 $3061.0]	INFO	Server is reloading all workers now
HOT_RELOAD: reloaded at 1588836054
[2020-05-07 15:20:54 $3061.0]	INFO	Server is reloading all workers now
HOT_RELOAD: reloaded at 1588836068
[2020-05-07 15:21:08 $3061.0]	INFO	Server is reloading all workers now
HOT_RELOAD: reloaded at 1588836093
[2020-05-07 15:21:33 $3061.0]	INFO	Server is reloading all workers now
HOT_RELOAD: reloaded at 1588836097
[2020-05-07 15:21:37 $3061.0]	INFO	Server is reloading all workers now
HOT_RELOAD: reloaded at 1588836119
[2020-05-07 15:21:59 $3061.0]	INFO	Server is reloading all workers now
HOT_RELOAD: reloaded at 1588836125
[2020-05-07 15:22:05 $3061.0]	INFO	Server is reloading all workers now
HOT_RELOAD: reloaded at 1588836146
[2020-05-07 15:22:26 $3061.0]	INFO	Server is reloading all workers now
HOT_RELOAD: reloaded at 1588836150
[2020-05-07 15:22:30 $3061.0]	INFO	Server is reloading all workers now
HOT_RELOAD: reloaded at 1588836410
[2020-05-07 15:26:50 $3061.0]	INFO	Server is reloading all workers now
HOT_RELOAD: reloaded at 1588836418
[2020-05-07 15:26:58 $3061.0]	INFO	Server is reloading all workers now
HOT_RELOAD: reloaded at 1588836421
[2020-05-07 15:27:01 $3061.0]	INFO	Server is reloading all workers now
HOT_RELOAD: reloaded at 1588836425
[2020-05-07 15:27:05 $3061.0]	INFO	Server is reloading all workers now
HOT_RELOAD: reloaded at 1588836531
[2020-05-07 15:28:51 $3061.0]	INFO	Server is reloading all workers now
HOT_RELOAD: reloaded at 1588836537
[2020-05-07 15:28:57 $3061.0]	INFO	Server is reloading all workers now
HOT_RELOAD: reloaded at 1588836547
[2020-05-07 15:29:07 $3061.0]	INFO	Server is reloading all workers now
HOT_RELOAD: reloaded at 1588836565
[2020-05-07 15:29:25 $3061.0]	INFO	Server is reloading all workers now
HOT_RELOAD: reloaded at 1588836580
[2020-05-07 15:29:40 $3061.0]	INFO	Server is reloading all workers now
HOT_RELOAD: reloaded at 1588836584
[2020-05-07 15:29:44 $3061.0]	INFO	Server is reloading all workers now
HOT_RELOAD: reloaded at 1588836590
[2020-05-07 15:29:50 $3061.0]	INFO	Server is reloading all workers now
HOT_RELOAD: reloaded at 1588836596
[2020-05-07 15:29:56 $3061.0]	INFO	Server is reloading all workers now
HOT_RELOAD: reloaded at 1588836603
[2020-05-07 15:30:03 $3061.0]	INFO	Server is reloading all workers now
HOT_RELOAD: reloaded at 1588836784
[2020-05-07 15:33:04 $3061.0]	INFO	Server is reloading all workers now
HOT_RELOAD: reloaded at 1588836804
[2020-05-07 15:33:24 $3061.0]	INFO	Server is reloading all workers now
HOT_RELOAD: reloaded at 1588836808
[2020-05-07 15:33:28 $3061.0]	INFO	Server is reloading all workers now
HOT_RELOAD: reloaded at 1588836817
[2020-05-07 15:33:37 $3061.0]	INFO	Server is reloading all workers now
HOT_RELOAD: reloaded at 1588836845
[2020-05-07 15:34:05 $3061.0]	INFO	Server is reloading all workers now
HOT_RELOAD: reloaded at 1588836849
[2020-05-07 15:34:09 $3061.0]	INFO	Server is reloading all workers now
HOT_RELOAD: reloaded at 1588838332
[2020-05-07 15:58:52 $3061.0]	INFO	Server is reloading all workers now
HOT_RELOAD: reloaded at 1588838353
[2020-05-07 15:59:13 $3061.0]	INFO	Server is reloading all workers now
HOT_RELOAD: reloaded at 1588838357
[2020-05-07 15:59:17 $3061.0]	INFO	Server is reloading all workers now
HOT_RELOAD: reloaded at 1588838589
[2020-05-07 16:03:09 $3061.0]	INFO	Server is reloading all workers now
HOT_RELOAD: reloaded at 1588838604
[2020-05-07 16:03:24 $3061.0]	INFO	Server is reloading all workers now
HOT_RELOAD: reloaded at 1588838727
[2020-05-07 16:05:27 $3061.0]	INFO	Server is reloading all workers now
HOT_RELOAD: reloaded at 1588838734
[2020-05-07 16:05:34 $3061.0]	INFO	Server is reloading all workers now
HOT_RELOAD: reloaded at 1588838752
[2020-05-07 16:05:52 $3061.0]	INFO	Server is reloading all workers now
HOT_RELOAD: reloaded at 1588838761
[2020-05-07 16:06:01 $3061.0]	INFO	Server is reloading all workers now
HOT_RELOAD: reloaded at 1588839212
[2020-05-07 16:13:32 $3061.0]	INFO	Server is reloading all workers now
HOT_RELOAD: reloaded at 1588839242
[2020-05-07 16:14:02 $3061.0]	INFO	Server is reloading all workers now
HOT_RELOAD: reloaded at 1588839246
[2020-05-07 16:14:06 $3061.0]	INFO	Server is reloading all workers now
HOT_RELOAD: reloaded at 1588839253
[2020-05-07 16:14:13 $3061.0]	INFO	Server is reloading all workers now
HOT_RELOAD: reloaded at 1588839254
[2020-05-07 16:14:14 $3061.0]	INFO	Server is reloading all workers now
HOT_RELOAD: reloaded at 1588839258
[2020-05-07 16:14:18 $3061.0]	INFO	Server is reloading all workers now
HOT_RELOAD: reloaded at 1588839259
[2020-05-07 16:14:19 $3061.0]	INFO	Server is reloading all workers now
HOT_RELOAD: reloaded at 1588839265
[2020-05-07 16:14:25 $3061.0]	INFO	Server is reloading all workers now
HOT_RELOAD: reloaded at 1588839281
[2020-05-07 16:14:41 $3061.0]	INFO	Server is reloading all workers now
HOT_RELOAD: reloaded at 1588839289
[2020-05-07 16:14:49 $3061.0]	INFO	Server is reloading all workers now
HOT_RELOAD: reloaded at 1588839305
[2020-05-07 16:15:05 $3061.0]	INFO	Server is reloading all workers now
HOT_RELOAD: reloaded at 1588839309
[2020-05-07 16:15:09 $3061.0]	INFO	Server is reloading all workers now
HOT_RELOAD: reloaded at 1588839323
[2020-05-07 16:15:23 $3061.0]	INFO	Server is reloading all workers now
HOT_RELOAD: reloaded at 1588839341
[2020-05-07 16:15:41 $3061.0]	INFO	Server is reloading all workers now
HOT_RELOAD: reloaded at 1588839345
[2020-05-07 16:15:45 $3061.0]	INFO	Server is reloading all workers now
HOT_RELOAD: reloaded at 1588839377
[2020-05-07 16:16:17 $3061.0]	INFO	Server is reloading all workers now
HOT_RELOAD: reloaded at 1588839403
[2020-05-07 16:16:43 $3061.0]	INFO	Server is reloading all workers now
HOT_RELOAD: reloaded at 1588839407
[2020-05-07 16:16:47 $3061.0]	INFO	Server is reloading all workers now
HOT_RELOAD: reloaded at 1588839413
[2020-05-07 16:16:53 $3061.0]	INFO	Server is reloading all workers now
HOT_RELOAD: reloaded at 1588839418
[2020-05-07 16:16:58 $3061.0]	INFO	Server is reloading all workers now
HOT_RELOAD: reloaded at 1588839426
[2020-05-07 16:17:06 $3061.0]	INFO	Server is reloading all workers now
HOT_RELOAD: reloaded at 1588839435
[2020-05-07 16:17:15 $3061.0]	INFO	Server is reloading all workers now
HOT_RELOAD: reloaded at 1588839439
[2020-05-07 16:17:19 $3061.0]	INFO	Server is reloading all workers now
HOT_RELOAD: reloaded at 1588839447
[2020-05-07 16:17:27 $3061.0]	INFO	Server is reloading all workers now
HOT_RELOAD: reloaded at 1588839448
[2020-05-07 16:17:28 $3061.0]	INFO	Server is reloading all workers now
HOT_RELOAD: reloaded at 1588839452
[2020-05-07 16:17:32 $3061.0]	INFO	Server is reloading all workers now
HOT_RELOAD: reloaded at 1588839470
[2020-05-07 16:17:50 $3061.0]	INFO	Server is reloading all workers now
HOT_RELOAD: reloaded at 1588839491
[2020-05-07 16:18:11 $3061.0]	INFO	Server is reloading all workers now
HOT_RELOAD: reloaded at 1588839493
[2020-05-07 16:18:13 $3061.0]	INFO	Server is reloading all workers now
HOT_RELOAD: reloaded at 1588839497
[2020-05-07 16:18:17 $3061.0]	INFO	Server is reloading all workers now
HOT_RELOAD: reloaded at 1588839508
[2020-05-07 16:18:28 $3061.0]	INFO	Server is reloading all workers now
HOT_RELOAD: reloaded at 1588839525
[2020-05-07 16:18:45 $3061.0]	INFO	Server is reloading all workers now
HOT_RELOAD: reloaded at 1588839531
[2020-05-07 16:18:51 $3061.0]	INFO	Server is reloading all workers now
HOT_RELOAD: reloaded at 1588839716
[2020-05-07 16:21:56 $3061.0]	INFO	Server is reloading all workers now
HOT_RELOAD: reloaded at 1588839809
[2020-05-07 16:23:29 $3061.0]	INFO	Server is reloading all workers now
HOT_RELOAD: reloaded at 1588839819
[2020-05-07 16:23:39 $3061.0]	INFO	Server is reloading all workers now
HOT_RELOAD: reloaded at 1588839825
[2020-05-07 16:23:45 $3061.0]	INFO	Server is reloading all workers now
HOT_RELOAD: reloaded at 1588839830
[2020-05-07 16:23:50 $3061.0]	INFO	Server is reloading all workers now
HOT_RELOAD: reloaded at 1588839836
[2020-05-07 16:23:56 $3061.0]	INFO	Server is reloading all workers now
HOT_RELOAD: reloaded at 1588839876
[2020-05-07 16:24:36 $3061.0]	INFO	Server is reloading all workers now
HOT_RELOAD: reloaded at 1588839880
[2020-05-07 16:24:40 $3061.0]	INFO	Server is reloading all workers now
HOT_RELOAD: reloaded at 1588839996
[2020-05-07 16:26:36 $3061.0]	INFO	Server is reloading all workers now
HOT_RELOAD: reloaded at 1588839998
[2020-05-07 16:26:38 $3061.0]	INFO	Server is reloading all workers now
HOT_RELOAD: reloaded at 1588840002
[2020-05-07 16:26:42 $3061.0]	INFO	Server is reloading all workers now
HOT_RELOAD: reloaded at 1588840073
[2020-05-07 16:27:53 $3061.0]	INFO	Server is reloading all workers now
HOT_RELOAD: reloaded at 1588840076
[2020-05-07 16:27:56 $3061.0]	INFO	Server is reloading all workers now
HOT_RELOAD: reloaded at 1588840096
[2020-05-07 16:28:16 $3061.0]	INFO	Server is reloading all workers now
HOT_RELOAD: reloaded at 1588840108
[2020-05-07 16:28:28 $3061.0]	INFO	Server is reloading all workers now
HOT_RELOAD: reloaded at 1588840112
[2020-05-07 16:28:32 $3061.0]	INFO	Server is reloading all workers now
HOT_RELOAD: reloaded at 1588840132
[2020-05-07 16:28:52 $3061.0]	INFO	Server is reloading all workers now
